  0%|          | 0/4 [00:00<?, ?it/s]New Best Accuracy: [572.5803459051302]
New Best Accuracy: [572.2886406784141]
New Best Accuracy: [572.2859522485398]
New Best Accuracy: [572.2806054672049]
New Best Accuracy: [572.070686875939]
New Best Accuracy: [572.0706868759372]
New Best Accuracy: [572.0706868759363]
New Best Accuracy: [572.0706868759362]
New Best Accuracy: [497.8969217829888]
New Best Accuracy: [489.55792542729364]
New Best Accuracy: [489.5456543283094]
New Best Accuracy: [489.4869880972833]
New Best Accuracy: [478.6820318231808]
New Best Accuracy: [478.6650855121163]
New Best Accuracy: [478.6026527493942]
New Best Accuracy: [478.6011678887756]
New Best Accuracy: [478.59229029026363]
New Best Accuracy: [478.59228914861916]
New Best Accuracy: [478.59092661784723]
New Best Accuracy: [478.5905029227553]
New Best Accuracy: [478.5875008211298]
New Best Accuracy: [478.5860946100746]
 25%|██▌       | 1/4 [18:09<54:28, 1089.46s/it]New Best Accuracy: [295.5244490112932]
New Best Accuracy: [292.2512615653431]
New Best Accuracy: [292.24146211632785]
New Best Accuracy: [291.8464406895161]
New Best Accuracy: [291.84644068951604]
New Best Accuracy: [182.44261547209248]
New Best Accuracy: [167.9949354977881]
New Best Accuracy: [160.08224491421348]
New Best Accuracy: [160.0815526367121]
New Best Accuracy: [160.07800516869295]
New Best Accuracy: [160.07369415927639]
New Best Accuracy: [160.05246364142081]
New Best Accuracy: [160.0520057012375]
New Best Accuracy: [160.05025199136904]
New Best Accuracy: [160.0482219685215]
New Best Accuracy: [160.0457206396525]
New Best Accuracy: [160.04532503164003]
New Best Accuracy: [160.0448801117736]
New Best Accuracy: [160.04426794433707]
New Best Accuracy: [160.04195871158035]
 50%|█████     | 2/4 [2:50:50<3:14:34, 5837.35s/it]New Best Accuracy: [100.73682045108272]
New Best Accuracy: [100.7368204510827]
New Best Accuracy: [0.005043208418496277]
New Best Accuracy: [0.0050432084184961505]
 75%|███████▌  | 3/4 [8:42:50<3:33:35, 12815.72s/it]